<?xml version="1.0" encoding="UTF-8"?>
<!-- Generated by org.testng.reporters.JUnitXMLReporter -->
<testsuite hostname="DESKTOP-E070K0U" ignored="0" name="Command line test" tests="3" failures="0" timestamp="02 Dec 2020 12:26:59 GMT" time="0.034" errors="0">
  <testcase name="@BeforeMethod setup" time="0.012" classname="com.qa.TestClasses.CreateAccountTest">
    <failure type="java.lang.NoClassDefFoundError" message="com/google/common/collect/ImmutableList">
      <![CDATA[java.lang.NoClassDefFoundError: com/google/common/collect/ImmutableList
at org.openqa.selenium.chrome.ChromeOptions.addArguments(ChromeOptions.java:124)
at BaseClass.BaseClass.initialization(BaseClass.java:72)
at com.qa.TestClasses.CreateAccountTest.setup(CreateAccountTest.java:27)
Caused by: java.lang.ClassNotFoundException: com.google.common.collect.ImmutableList
at java.net.URLClassLoader.findClass(URLClassLoader.java:382)
at java.lang.ClassLoader.loadClass(ClassLoader.java:418)
at sun.misc.Launcher$AppClassLoader.loadClass(Launcher.java:355)
at java.lang.ClassLoader.loadClass(ClassLoader.java:351)
... 41 more
... Removed 38 stack frames]]>
    </failure>
  </testcase> <!-- @BeforeMethod setup -->
  <testcase name="@AfterMethod teardown" time="0.0" classname="com.qa.TestClasses.CreateAccountTest">
    <skipped/>
  </testcase> <!-- @AfterMethod teardown -->
  <testcase name="@BeforeMethod setup" time="0.001" classname="com.qa.TestClasses.LoginTest">
    <failure type="java.lang.NoClassDefFoundError" message="com/google/common/collect/ImmutableList">
      <![CDATA[java.lang.NoClassDefFoundError: com/google/common/collect/ImmutableList
at org.openqa.selenium.chrome.ChromeOptions.addArguments(ChromeOptions.java:124)
at BaseClass.BaseClass.initialization(BaseClass.java:72)
at com.qa.TestClasses.LoginTest.setup(LoginTest.java:28)
... Removed 38 stack frames]]>
    </failure>
  </testcase> <!-- @BeforeMethod setup -->
  <testcase name="@AfterMethod teardown" time="0.0" classname="com.qa.TestClasses.LoginTest">
    <skipped/>
  </testcase> <!-- @AfterMethod teardown -->
  <testcase name="@BeforeMethod setup" time="0.001" classname="com.qa.TestClasses.OrderProductTest">
    <failure type="java.lang.NoClassDefFoundError" message="com/google/common/collect/ImmutableList">
      <![CDATA[java.lang.NoClassDefFoundError: com/google/common/collect/ImmutableList
at org.openqa.selenium.chrome.ChromeOptions.addArguments(ChromeOptions.java:124)
at BaseClass.BaseClass.initialization(BaseClass.java:72)
at com.qa.TestClasses.OrderProductTest.setup(OrderProductTest.java:30)
... Removed 38 stack frames]]>
    </failure>
  </testcase> <!-- @BeforeMethod setup -->
  <testcase name="@AfterMethod teardown" time="0.0" classname="com.qa.TestClasses.OrderProductTest">
    <skipped/>
  </testcase> <!-- @AfterMethod teardown -->
  <testcase name="CreateAccount" time="0.0" classname="com.qa.TestClasses.CreateAccountTest">
    <skipped/>
  </testcase> <!-- CreateAccount -->
  <testcase name="YourLogoLogin" time="0.0" classname="com.qa.TestClasses.LoginTest">
    <skipped/>
  </testcase> <!-- YourLogoLogin -->
  <testcase name="CreateAccount" time="0.0" classname="com.qa.TestClasses.OrderProductTest">
    <skipped/>
  </testcase> <!-- CreateAccount -->
</testsuite> <!-- Command line test -->
