<!DOCTYPE html PUBLIC "-//W3C//DTD XHTML 1.1//EN" "http://www.w3.org/TR/xhtml11/DTD/xhtml11.dtd">
<html xmlns="http://www.w3.org/1999/xhtml">
<head>
<meta http-equiv="content-type" content="text/html; charset=UTF-8"/>
<title>TestNG Report</title>
<style type="text/css">table {margin-bottom:10px;border-collapse:collapse;empty-cells:show}th,td {border:1px solid #009;padding:.25em .5em}th {vertical-align:bottom}td {vertical-align:top}table a {font-weight:bold}.stripe td {background-color: #E6EBF9}.num {text-align:right}.passedodd td {background-color: #3F3}.passedeven td {background-color: #0A0}.skippedodd td {background-color: #DDD}.skippedeven td {background-color: #CCC}.failedodd td,.attn {background-color: #F33}.failedeven td,.stripe .attn {background-color: #D00}.stacktrace {white-space:pre;font-family:monospace}.totop {font-size:85%;text-align:center;border-bottom:2px solid #000}.invisible {display:none}</style>
</head>
<body>
<table>
<tr><th>Test</th><th># Passed</th><th># Skipped</th><th># Failed</th><th>Time (ms)</th><th>Included Groups</th><th>Excluded Groups</th></tr>
<tr><th colspan="7">Command line suite</th></tr>
<tr><td><a href="#t0">Command line test</a></td><td class="num">0</td><td class="num attn">3</td><td class="num">0</td><td class="num">34</td><td></td><td></td></tr>
</table>
<table id='summary'><thead><tr><th>Class</th><th>Method</th><th>Start</th><th>Time (ms)</th></tr></thead><tbody><tr><th colspan="4">Command line suite</th></tr></tbody><tbody id="t0"><tr><th colspan="4">Command line test &#8212; failed (configuration methods)</th></tr><tr class="failedeven"><td rowspan="1">com.qa.TestClasses.CreateAccountTest</td><td><a href="#m0">setup</a></td><td rowspan="1">1606912019217</td><td rowspan="1">12</td></tr><tr class="failedodd"><td rowspan="1">com.qa.TestClasses.LoginTest</td><td><a href="#m1">setup</a></td><td rowspan="1">1606912019232</td><td rowspan="1">1</td></tr><tr class="failedeven"><td rowspan="1">com.qa.TestClasses.OrderProductTest</td><td><a href="#m2">setup</a></td><td rowspan="1">1606912019234</td><td rowspan="1">1</td></tr><tr><th colspan="4">Command line test &#8212; skipped (configuration methods)</th></tr><tr class="skippedeven"><td rowspan="1">com.qa.TestClasses.CreateAccountTest</td><td><a href="#m3">teardown</a></td><td rowspan="1">1606912019231</td><td rowspan="1">0</td></tr><tr class="skippedodd"><td rowspan="1">com.qa.TestClasses.LoginTest</td><td><a href="#m4">teardown</a></td><td rowspan="1">1606912019234</td><td rowspan="1">0</td></tr><tr class="skippedeven"><td rowspan="1">com.qa.TestClasses.OrderProductTest</td><td><a href="#m5">teardown</a></td><td rowspan="1">1606912019236</td><td rowspan="1">0</td></tr><tr><th colspan="4">Command line test &#8212; skipped</th></tr><tr class="skippedeven"><td rowspan="1">com.qa.TestClasses.CreateAccountTest</td><td><a href="#m6">CreateAccount</a></td><td rowspan="1">1606912019231</td><td rowspan="1">0</td></tr><tr class="skippedodd"><td rowspan="1">com.qa.TestClasses.LoginTest</td><td><a href="#m7">YourLogoLogin</a></td><td rowspan="1">1606912019234</td><td rowspan="1">0</td></tr><tr class="skippedeven"><td rowspan="1">com.qa.TestClasses.OrderProductTest</td><td><a href="#m8">CreateAccount</a></td><td rowspan="1">1606912019236</td><td rowspan="1">0</td></tr></tbody>
</table>
<h2>Command line test</h2><h3 id="m0">com.qa.TestClasses.CreateAccountTest#setup</h3><table class="result"><tr><th>Exception</th></tr><tr><td><div class="stacktrace">java.lang.NoClassDefFoundError: com/google/common/collect/ImmutableList
	at org.openqa.selenium.chrome.ChromeOptions.addArguments(ChromeOptions.java:124)
	at BaseClass.BaseClass.initialization(BaseClass.java:72)
	at com.qa.TestClasses.CreateAccountTest.setup(CreateAccountTest.java:27)
Caused by: java.lang.ClassNotFoundException: com.google.common.collect.ImmutableList
	at java.net.URLClassLoader.findClass(URLClassLoader.java:382)
	at java.lang.ClassLoader.loadClass(ClassLoader.java:418)
	at sun.misc.Launcher$AppClassLoader.loadClass(Launcher.java:355)
	at java.lang.ClassLoader.loadClass(ClassLoader.java:351)
	... 41 more
... Removed 38 stack frames</div></td></tr></table><p class="totop"><a href="#summary">back to summary</a></p>
<h3 id="m1">com.qa.TestClasses.LoginTest#setup</h3><table class="result"><tr><th>Exception</th></tr><tr><td><div class="stacktrace">java.lang.NoClassDefFoundError: com/google/common/collect/ImmutableList
	at org.openqa.selenium.chrome.ChromeOptions.addArguments(ChromeOptions.java:124)
	at BaseClass.BaseClass.initialization(BaseClass.java:72)
	at com.qa.TestClasses.LoginTest.setup(LoginTest.java:28)
... Removed 38 stack frames</div></td></tr></table><p class="totop"><a href="#summary">back to summary</a></p>
<h3 id="m2">com.qa.TestClasses.OrderProductTest#setup</h3><table class="result"><tr><th>Exception</th></tr><tr><td><div class="stacktrace">java.lang.NoClassDefFoundError: com/google/common/collect/ImmutableList
	at org.openqa.selenium.chrome.ChromeOptions.addArguments(ChromeOptions.java:124)
	at BaseClass.BaseClass.initialization(BaseClass.java:72)
	at com.qa.TestClasses.OrderProductTest.setup(OrderProductTest.java:30)
... Removed 38 stack frames</div></td></tr></table><p class="totop"><a href="#summary">back to summary</a></p>
<h3 id="m3">com.qa.TestClasses.CreateAccountTest#teardown</h3><table class="result"><tr><th class="invisible"/></tr></table><p class="totop"><a href="#summary">back to summary</a></p>
<h3 id="m4">com.qa.TestClasses.LoginTest#teardown</h3><table class="result"><tr><th class="invisible"/></tr></table><p class="totop"><a href="#summary">back to summary</a></p>
<h3 id="m5">com.qa.TestClasses.OrderProductTest#teardown</h3><table class="result"><tr><th class="invisible"/></tr></table><p class="totop"><a href="#summary">back to summary</a></p>
<h3 id="m6">com.qa.TestClasses.CreateAccountTest#CreateAccount</h3><table class="result"><tr><th>Exception</th></tr><tr><td><div class="stacktrace">java.lang.NoClassDefFoundError: com/google/common/collect/ImmutableList
	at org.openqa.selenium.chrome.ChromeOptions.addArguments(ChromeOptions.java:124)
	at BaseClass.BaseClass.initialization(BaseClass.java:72)
	at com.qa.TestClasses.CreateAccountTest.setup(CreateAccountTest.java:27)
Caused by: java.lang.ClassNotFoundException: com.google.common.collect.ImmutableList
	at java.net.URLClassLoader.findClass(URLClassLoader.java:382)
	at java.lang.ClassLoader.loadClass(ClassLoader.java:418)
	at sun.misc.Launcher$AppClassLoader.loadClass(Launcher.java:355)
	at java.lang.ClassLoader.loadClass(ClassLoader.java:351)
	... 41 more
... Removed 38 stack frames</div></td></tr></table><p class="totop"><a href="#summary">back to summary</a></p>
<h3 id="m7">com.qa.TestClasses.LoginTest#YourLogoLogin</h3><table class="result"><tr><th>Exception</th></tr><tr><td><div class="stacktrace">java.lang.NoClassDefFoundError: com/google/common/collect/ImmutableList
	at org.openqa.selenium.chrome.ChromeOptions.addArguments(ChromeOptions.java:124)
	at BaseClass.BaseClass.initialization(BaseClass.java:72)
	at com.qa.TestClasses.LoginTest.setup(LoginTest.java:28)
... Removed 38 stack frames</div></td></tr></table><p class="totop"><a href="#summary">back to summary</a></p>
<h3 id="m8">com.qa.TestClasses.OrderProductTest#CreateAccount</h3><table class="result"><tr><th>Exception</th></tr><tr><td><div class="stacktrace">java.lang.NoClassDefFoundError: com/google/common/collect/ImmutableList
	at org.openqa.selenium.chrome.ChromeOptions.addArguments(ChromeOptions.java:124)
	at BaseClass.BaseClass.initialization(BaseClass.java:72)
	at com.qa.TestClasses.OrderProductTest.setup(OrderProductTest.java:30)
... Removed 38 stack frames</div></td></tr></table><p class="totop"><a href="#summary">back to summary</a></p>
</body>
</html>
