-------------------------------------------------------------------------------
Test set: TestSuite
-------------------------------------------------------------------------------
Tests run: 9, Failures: 3, Errors: 0, Skipped: 6, Time elapsed: 0.502 sec <<< FAILURE!
setup(com.qa.TestClasses.CreateAccountTest)  Time elapsed: 0.382 sec  <<< FAILURE!
java.lang.NoClassDefFoundError: com/google/common/collect/ImmutableList
	at org.openqa.selenium.chrome.ChromeOptions.addArguments(ChromeOptions.java:124)
	at BaseClass.BaseClass.initialization(BaseClass.java:72)
	at com.qa.TestClasses.CreateAccountTest.setup(CreateAccountTest.java:27)
Caused by: java.lang.ClassNotFoundException: com.google.common.collect.ImmutableList
	at java.net.URLClassLoader.findClass(URLClassLoader.java:382)
	at java.lang.ClassLoader.loadClass(ClassLoader.java:418)
	at sun.misc.Launcher$AppClassLoader.loadClass(Launcher.java:355)
	at java.lang.ClassLoader.loadClass(ClassLoader.java:351)
	... 41 more

setup(com.qa.TestClasses.LoginTest)  Time elapsed: 0.383 sec  <<< FAILURE!
java.lang.NoClassDefFoundError: com/google/common/collect/ImmutableList
	at org.openqa.selenium.chrome.ChromeOptions.addArguments(ChromeOptions.java:124)
	at BaseClass.BaseClass.initialization(BaseClass.java:72)
	at com.qa.TestClasses.LoginTest.setup(LoginTest.java:28)

setup(com.qa.TestClasses.OrderProductTest)  Time elapsed: 0.385 sec  <<< FAILURE!
java.lang.NoClassDefFoundError: com/google/common/collect/ImmutableList
	at org.openqa.selenium.chrome.ChromeOptions.addArguments(ChromeOptions.java:124)
	at BaseClass.BaseClass.initialization(BaseClass.java:72)
	at com.qa.TestClasses.OrderProductTest.setup(OrderProductTest.java:30)

